make.exe all --print-data-base --no-builtin-variables --no-builtin-rules --question
# GNU Make 3.82.90
# Built for i686-pc-mingw32
# Copyright (C) 1988-2012 Free Software Foundation, Inc.
# License GPLv3+: GNU GPL version 3 or later <http://gnu.org/licenses/gpl.html>
# This is free software: you are free to change and redistribute it.
# There is NO WARRANTY, to the extent permitted by law.
 

# Make data base, printed on Wed Aug 03 15:55:40 2022

# Variables

# automatic
<D = $(patsubst %/,%,$(patsubst %\,%,$(dir $<)))
# automatic
?F = $(notdir $?)
# default
.SHELLFLAGS := -c
# makefile
MAKEFLAGS = Rrqp
# automatic
?D = $(patsubst %/,%,$(patsubst %\,%,$(dir $?)))
# automatic
@D = $(patsubst %/,%,$(patsubst %\,%,$(dir $@)))
# environment
HOMEDRIVE = C:
# automatic
@F = $(notdir $@)
# automatic
^D = $(patsubst %/,%,$(patsubst %\,%,$(dir $^)))
# makefile
CURDIR := c:/Solutions/Repositories/Go/src/ 
github.com/miguelanselmo/my-api-demo
# default
SHELL := sh.exe
# environment
WINDIR = C:\WINDOWS
# environment
VSCODE_NLS_CONFIG = {"locale":"en-gb","availableLanguages":{},"_languagePackSupport":true}
# environment
ONEDRIVE = C:\Users\msousaan\OneDrive - NTT DATA EMEAL
# environment
PATHEXT = .COM;.EXE;.BAT;.CMD;.VBS;.VBE;.JS;.JSE;.WSF;.WSH;.MSC
# makefile (from 'Makefile', line 1)
MAKEFILE_LIST :=  Makefile
# environment
TMP = C:\Users\msousaan\AppData\Local\Temp
# environment
VSCODE_AMD_ENTRYPOINT = vs/workbench/api/node/extensionHostProcess
# environment
PROGRAMW6432 = C:\Program Files
# environment
PROGRAMDATA = C:\ProgramData
# environment
VSCODE_CWD = C:\Users\msousaan\AppData\Local\Programs\Microsoft VS Code
# environment
GOPROXY = https://proxy.golang.org,direct
# environment
PATH = C:\Tools\Go\bin;C:\Program Files\Common Files\Oracle\Java\javapath;C:\WINDOWS\system32;C:\WINDOWS;C:\WINDOWS\System32\Wbem;C:\WINDOWS\System32\WindowsPowerShell\v1.0\;C:\WINDOWS\System32\OpenSSH\;C:\Program Files\dotnet\;C:\Program Files\Microsoft SQL Server\150\Tools\Binn\;C:\Program Files\Microsoft SQL Server\Client SDK\ODBC\170\Tools\Binn\;C:\Program Files\Git\cmd;C:\Tools\nodejs\;C:\Program Files\Docker\Docker\resources\bin;C:\ProgramData\DockerDesktop\version-bin;C:\ProgramData\chocolatey\bin;C:\Program Files\Common Files\Oracle\Java\javapath;C:\WINDOWS\system32;C:\WINDOWS;C:\WINDOWS\System32\Wbem;C:\WINDOWS\System32\WindowsPowerShell\v1.0\;C:\WINDOWS\System32\OpenSSH\;C:\Program Files\dotnet\;C:\Program Files\Microsoft SQL Server\150\Tools\Binn\;C:\Program Files\Microsoft SQL Server\Client SDK\ODBC\170\Tools\Binn\;C:\Program Files\Git\cmd;C:\Tools\nodejs\;C:\Program Files\Docker\Docker\resources\bin;C:\ProgramData\DockerDesktop\version-bin;C:\Users\msousaan\scoop\shims;C:\Program Files\Microsoft Visual Studio\2022\Community\Common7\IDE\VC\VCPackages;C:\Program Files\Microsoft Visual Studio\2022\Community\Common7\IDE\CommonExtensions\Microsoft\TestWindow;C:\Program Files\Microsoft Visual Studio\2022\Community\Common7\IDE\CommonExtensions\Microsoft\TeamFoundation\Team Explorer;C:\Program Files\Microsoft Visual Studio\2022\Community\MSBuild\Current\bin\Roslyn;C:\Program Files\Microsoft Visual Studio\2022\Community\Team Tools\Performance Tools;C:\Program Files (x86)\Microsoft SDKs\Windows\v10.0A\bin\NETFX 4.8 Tools\;C:\Program Files\Microsoft Visual Studio\2022\Community\Common7\IDE\CommonExtensions\Microsoft\FSharp\Tools;C:\Program Files (x86)\Windows Kits\10\bin\10.0.19041.0\\x86;C:\Program Files (x86)\Windows Kits\10\bin\\x86;C:\Program Files\Microsoft Visual Studio\2022\Community\\MSBuild\Current\Bin\amd64;C:\Windows\Microsoft.NET\Framework\v4.0.30319;C:\Program Files\Microsoft Visual Studio\2022\Community\Common7\IDE\;C:\Program Files\Microsoft Visual Studio\2022\Community\Common7\Tools\;C:\Program Files\Common Files\Oracle\Java\javapath;C:\WINDOWS\system32;C:\WINDOWS;C:\WINDOWS\System32\Wbem;C:\WINDOWS\System32\WindowsPowerShell\v1.0\;C:\WINDOWS\System32\OpenSSH\;C:\Program Files\dotnet\;C:\Program Files\Microsoft SQL Server\150\Tools\Binn\;C:\Program Files\Microsoft SQL Server\Client SDK\ODBC\170\Tools\Binn\;C:\Program Files\Git\cmd;C:\Tools\nodejs\;C:\Program Files\Docker\Docker\resources\bin;C:\ProgramData\DockerDesktop\version-bin;C:\Tools\Python\Python310\Scripts\;C:\Tools\Python\Python310\;C:\WINDOWS\system32;C:\WINDOWS;C:\WINDOWS\System32\Wbem;C:\WINDOWS\System32\WindowsPowerShell\v1.0\;C:\WINDOWS\System32\OpenSSH\;C:\Users\msousaan\AppData\Local\Microsoft\WindowsApps;C:\Users\msousaan\AppData\Local\Programs\Microsoft VS Code\bin;C:\Users\msousaan\go\bin;C:\Users\msousaan\.dotnet\tools;C:\Users\msousaan\AppData\Local\GitHubDesktop\bin;C:\Tools\Git\cmd;C:\Users\msousaan\AppData\Roaming\npm;C:\Users\msousaan\AppData\Local\Programs\Azure Data Studio\bin;C:\Tools\TDM-GCC-64\bin;C:\Program Files\Microsoft Visual Studio\2022\Community\Common7\IDE\VC\Linux\bin\ConnectionManagerExe;C:\Tools\TDM-GCC-64\bin;C:\Users\msousaan\AppData\Local\Keybase\;C:\Solutions\Repositories\Go\bin
# environment
COMMONPROGRAMW6432 = C:\Program Files\Common Files
# environment
ZES_ENABLE_SYSMAN = 1
# environment
PROCESSOR_ARCHITECTURE = x86
# environment
USERPROFILE = C:\Users\msousaan
# environment
CHOCOLATEYINSTALL = C:\ProgramData\chocolatey
# environment
ALLUSERSPROFILE = C:\ProgramData
# environment
GOPATH = C:\Solutions\Repositories\Go
# environment
NUMBER_OF_PROCESSORS = 8
# environment
ELECTRON_RUN_AS_NODE = 1
# default
.FEATURES := target-specific order-only second-expansion else-if shortest-stem undefine oneshell archives jobserver
# automatic
%F = $(notdir $%)
# environment
CHROME_CRASHPAD_PIPE_NAME = \\.\pipe\crashpad_564_PJRCVZRAMYTLLRKL
# environment
COMPUTERNAME = LIS-BTKTW93
# environment
PROGRAMFILES = C:\Program Files (x86)
# environment
USERDNSDOMAIN = USERSAD.EVERIS.INT
# environment
DRIVERDATA = C:\Windows\System32\Drivers\DriverData
# environment
ORIGINAL_XDG_CURRENT_DESKTOP = undefined
# environment
USERNAME = msousaan
# environment
PUBLIC = C:\Users\Public
# environment
GOMODCACHE = C:\Solutions\Repositories\Go\pkg\mod
# environ 
ment
VSCODE_CODE_CACHE_PATH = C:\Users\msousaan\AppData\Roaming\Code\CachedData\3b889b090b5ad5793f524b5d1d39fda662b96a2a
# environment
APPLICATION_INSIGHTS_NO_DIAGNOSTIC_CHANNEL = 1
# environment
COMMONPROGRAMFILES = C:\Program Files (x86)\Common Files
# environment
LOGONSERVER = \\SMAD01PADDC03
# environment
VSCODE_HANDLES_UNCAUGHT_ERRORS = true
# environment
USERDOMAIN = USERSAD
# environment
MAKELEVEL := 0
# default
MAKE = $(MAKE_COMMAND)
# default
MAKECMDGOALS := all
# environment
CSSCRIPT_INC = C:\Prog 
ramData\cs-script\inc
# environment
ONEDRIVECOMMERCIAL = C:\Users\msousaan\OneDrive - NTT DATA EMEAL
# default
MAKE_VERSION := 3.82.90
# makefile
.DEFAULT_GOAL := network
# environment
GOROOT = C:\Tools\Go
# makefile (from 'Makefile', line 1)
DB_URL = file:./database.db?cache=shared&mode=rwc&doNotInterpretDatetime=1
# environment
PROGRAMFILES(X86) = C:\Program Files (x86)
# automatic
%D = $(patsubst %/,%,$(patsubst %\,%,$(dir $%)))
# environment
LOCALAPPDATA = C:\Users\msousaan\AppData\Local
# environment
PSMODULEPATH = C:\Program Files\WindowsPowerShell\Modules;C:\WINDOWS\system32\WindowsPowerShell\v1.0\Modules;C:\Program Files (x86)\Microsoft Azure Information Protection\Powershell
# default
MAKE_COMMAND := make.exe
# environment
PROCESSOR_ARCHITEW6432 = AMD64
# default
.VARIABLES := 
# automatic
*F = $(notdir $*)
# environment
PROCESSOR_IDENTIFIER = Intel64 Family 6 Model 140 Stepping 1, GenuineIntel
# environment
OS = Windows_NT
# environment
VSCODE_IPC_HOOK = \\.\pipe\98398ec90f984908574f9ba624f6a68f-1.6 
9.2-main-sock
# environment
SNOW_AGENT = C:\Program Files\Snow Software\Inventory\Agent
# environment
HOMEPATH = \Users\msousaan
# environment
COMMONPROGRAMFILES(X86) = C:\Program Files (x86)\Common Files
# environment
PROMPT = $P$G
# environment
MFLAGS = -Rrqp
# automatic
*D = $(patsubst %/,%,$(patsubst %\,%,$(dir $*)))
# environment
SYSTEMROOT = C:\WINDOWS
# automatic
+D = $(patsubst %/,%,$(patsubst %\,%,$(dir $+)))
# automatic
+F = $(notdir $+)
# environment
APPDATA = C:\Users\msousaan\AppData\Roaming
#  
environment
TEMP = C:\Users\msousaan\AppData\Local\Temp
# environment
COMSPEC = C:\WINDOWS\system32\cmd.exe
# default
MAKEFILES := 
# automatic
<F = $(notdir $<)
# environment
LC_ALL = C
# environment
UATDATA = C:\WINDOWS\CCM\UATData\D9F8C395-CAB8-491d-B8AC-179A1FE1BE77
# automatic
^F = $(notdir $^)
# default
SUFFIXES := 
# environment
SYSTEMDRIVE = C:
# environment
SESSIONNAME = Console
# environment
PROCESSOR_REVISION = 8c01
# default
.RECIPEPREFIX := 
# environment
LANG = C
# environment
PROCESSOR_LEVEL = 6
# environment
VSCODE_PID = 564
# environment
USERDOMAIN_ROAMINGPROFILE = USERSAD
# variable set hash-table stats:
# Load=95/1024=9%, Rehash=0, Collisions=12/113=11%

# Pattern-specific Variable Values

# No pattern-specific variable values.

# Directories

# C:\ProgramData\DockerDesktop\version-bin: could not be stat'd.
# C:\Program Files\Microsoft Visual Studio\2022\Community\Common7\IDE\CommonExtensions\Microsoft\TestWindow (key C:/Program Files/Microsoft Visual Studio/2022/Community/Common7/IDE/Commo 
nExtensions/Microsoft/TestWindow, mtime 1656587070): 52 files, no impossibilities.
# C:\Program Files\Microsoft Visual Studio\2022\Community\Common7\IDE\ (key C:/Program Files/Microsoft Visual Studio/2022/Community/Common7/IDE/, mtime 1656587713): 310 files, no impossibilities.
# C:\Program Files (x86)\Microsoft SDKs\Windows\v10.0A\bin\NETFX 4.8 Tools\ (key C:/Program Files (x86)/Microsoft SDKs/Windows/v10.0A/bin/NETFX 4.8 Tools/, mtime 1656586145): 59 files, no impossibilities.
# C:\Solutions\Repositories\Go\bin (key C:/Solutions/Repositories/Go/bin, mtime 1659538506): 4 files, no impossibilities.
# C:\Program Files\Microsoft Visual Studio\2022\Community\Common7\IDE\VC\Linux\bin\ConnectionManagerExe (key C:/Program Files/Microsoft Visual Studio/2022/Community/Common7/IDE/VC/Linux/bin/ConnectionManagerExe, mtime 1656586400): 7 files, no impossibilities.
# C:\Users\msousaan\go\bin: could not be stat'd.
# C:\Program Files\Microsoft Visual Studio\2022\Community\Common7\Tools\ (key C:/Program Files/Microsoft Visual Studio/2022/Community/Common7/Tools/, mtime 1656586196): 51 files, no impossibilities.
# C:\Program Files\Microsoft Visual Studio\2022\Community\Common7\IDE\CommonExtensions\Microsoft\FSharp\Tools (key C:/Program Files/Microsoft Visual Studio/2022/Community/Common7/IDE/CommonExtensions/Microsoft/FSharp/Tools, mtime 1656586434): 51 files, no impossibilities.
# C:\WINDOWS\System32\WindowsPowerShell\v1.0\ (key C:/WINDOWS/System32/WindowsPowerShell/v1.0/, mtime 1654708571): 30 files, no impossibilities.
# . (key c:/Solutions/Repositories/Go/src/github.com/miguelanselmo/my-api-demo, mtime 1659538141): 21 files, no impossibilities.
# C:\Users\msousaan\AppData\Local\Keybase\ (key C:/Users/msousaan/AppData/Local/Keybase/, mtime 1659534629): 47 files, no impossibilities.
# C:\Program Files\Microsoft SQL Server\Client SDK\ODBC\170\Tools\Binn\ (key C:/Program Files/Microsoft SQL Server/Client SDK/ODBC/170/Tools/Binn/, mtime 1656586370): 7 files, no impossibilities.
# C:\Tools\nodejs\ (key C:/Tools/nodejs/, mtime 1656 
588104): 13 files, no impossibilities.
# C:\Program Files\Microsoft Visual Studio\2022\Community\MSBuild\Current\bin\Roslyn (key C:/Program Files/Microsoft Visual Studio/2022/Community/MSBuild/Current/bin/Roslyn, mtime 1656586215): 46 files, no impossibilities.
# C:\Program Files\Microsoft SQL Server\150\Tools\Binn\ (key C:/Program Files/Microsoft SQL Server/150/Tools/Binn/, mtime 1656586360): 4 files, no impossibilities.
# C:\Program Files\Git\cmd (key C:/Program Files/Git/cmd, mtime 1656587518): 7 files, no impossibilities.
# C:\Users\msousaan\AppData\Roaming\npm (key C:/Users/msousaan/AppData/Roaming/npm, mtime 1656588098): 2 files, no impossibilities.
# C:\WINDOWS\System32\OpenSSH\: could not be stat'd.
# C:\Tools\Python\Python310\ (key C:/Tools/Python/Python310/, mtime 1656585617): 28 files, no impossibilities.
# C:\Tools\Python\Python310\Scripts\ (key C:/Tools/Python/Python310/Scripts/, mtime 1656608141): 6 files, no impossibilities.
# C:\WINDOWS (key C:/WINDOWS, mtime 1655724585): 138 files, no impossibilities.
# C:\Program Files (x86)\Windows Kits\10\bin\\x86 (key C:/Program Files (x86)/Windows Kits/10/bin/x86, mtime 1656586868): 4 files, no impossibilities.
# C:\Program Files\Microsoft Visual Studio\2022\Community\Common7\IDE\CommonExtensions\Microsoft\TeamFoundation\Team Explorer (key C:/Program Files/Microsoft Visual Studio/2022/Community/Common7/IDE/CommonExtensions/Microsoft/TeamFoundation/Team Explorer, mtime 1656586096): 164 files, no impossibilities.
# C:\Users\msousaan\AppData\Local\Microsoft\WindowsApps (key C:/Users/msousaan/AppData/Local/Microsoft/WindowsApps, mtime 1658999166): 15 files, no impossibilities.
# C:\ProgramData\chocolatey\bin (key C:/ProgramData/chocolatey/bin, mtime 1658936579): 12 files, no impossibilities.
# C:\Program Files\Docker\Docker\resources\bin (key C:/Program Files/Docker/Docker/resources/bin, mtime 1657208474): 13 files, no impossibilities.
# C:\Users\msousaan\AppData\Local\GitHubDesktop\bin (key C:/Users/msousaan/AppData/Local/GitHubDesktop/bin, mtime 1656587316): 4 files, no impossibilities.
# C:\Users\msousaan\AppData\Local\Programs\Azure Data Studio\bin (key C:/Users/msousaan/AppData/Local/Programs/Azure Data Studio/bin, mtime 1656691947): 4 files, no impossibilities.
# C:\Users\msousaan\AppData\Local\Programs\Microsoft VS Code\bin (key C:/Users/msousaan/AppData/Local/Programs/Microsoft VS Code/bin, mtime 1658215115): 4 files, no impossibilities.
# C:\Program Files\Microsoft Visual Studio\2022\Community\\MSBuild\Current\Bin\amd64 (key C:/Program Files/Microsoft Visual Studio/2022/Community/MSBuild/Current/Bin/amd64, mtime 1656586113): 93 files, no impossibilities.
# C:\WINDOWS\System32\Wbem (key C:/WINDOWS/System32/Wbem, mtime 1658911403): 171 files, no impossibilities.
# C:\Program Files\Microsoft Visual Studio\2022\Community\Team Tools\Performance Tools (key C:/Program Files/Microsoft Visual Studio/2022/Community/Team Tools/Performance Tools, mtime 1656586568): 33 files, no impossibilities.
# C:\Program Files (x86)\Windows Kits\10\bin\10.0.19041.0\\x86 (key C:/Program Files (x86)/Windows Kits/10/bin/10.0.19041.0/x86, mtime 1656587031): 221 files, no impossibilities.
# C:\Users\msousaan\.dotnet\tools: could not be stat'd.
# C:\Windows\Microsoft.NET\Framework\v4.0.30319 (key C:/Windows/Microsoft.NET/Framework/v4.0.30319, mtime 1659464021): 403 files, no impossibilities.
# C:\Tools\Git\cmd (key C:/Tools/Git/cmd, mtime 1656587564): 8 files, no impossibilities.
# C:\Program Files\Common Files\Oracle\Java\javapath (key C:/Program Files/Common Files/Oracle/Java/javapath, mtime 1656587886): 6 files, no impossibilities.
# C:\Program Files\dotnet\ (key C:/Program Files/dotnet/, mtime 1656585301): 13 files, no impossibilities.
# C:\Program Files\Microsoft Visual Studio\2022\Community\Common7\IDE\VC\VCPackages (key C:/Program Files/Microsoft Visual Studio/2022/Community/Common7/IDE/VC/VCPackages, mtime 1656587093): 29 files, no impossibilities.
# C:\WINDOWS\system32 (key C:/WINDOWS/system32, mtime 1659524312): 2922 files, no impossibilities.
# C:\Users\msousaan\scoop\shims (key C:/Users/msousaan/scoop/shims, mtime 1658401901): 7 files, no impossibilities.
# C:\Tools\TDM-GCC-64\bin (key C:/Tools/TDM-GCC-64/bin, mtime 1658302940): 62 files, no impossibilities.
# C:\Tools\Go\bin (key C:/Tools/Go/bin, mtime 1656585173): 4 files, no impossibilities.

# 5075 files, no impossibilities in 44 directories.

# Implicit Rules

# No implicit rules.

# Files

postgres:
#  Phony target (prerequisite of .PHONY).
#  Implicit rule search has not been done.
#  File does not exist.
#  File has not been updated.

network:
#  Phony target (prerequisite of .PHONY).
#  Implicit rule search has not been done.
#  File does not exist.
#  File has not been updated.
#  recipe to execute (from 'Makefile', line 4):
	docker network create bank-network

# Not a target:
all:
#  Command line target.
#  Implicit rule search has been done.
#  File does not exist.
#  File has not been updated.

migratedown1:
#  Phony target (prerequisite of .PHONY).
#  Implicit rule search has not been done.
#  File does not exist.
#  File has not been updated.
#  recipe to execute (from 'Makefile', line 16):
	migrate -path infrastructure/repositores/migration -database "$(DB_URL)" -verbose down 1

docker-delete:
#  Implicit rule search has not been done.
#  Modification time never checked.
#  File has not been updated.
#  recipe to execute (from 'Makefile', line 37):
	docker rm --force my_demo_api

docker-build:
#  Implicit rule search has not been done.
#  Modification time never checked.
#  File has not been updated.
#  recipe to execute (from 'Makefile', line 31):
	docker build -t my_demo_api .

.PHONY: network postgres createdb dropdb migrateup migratedown migrateup1 migratedown1 db_docs db_schema sqlc test server mock proto evans
#  Implicit rule search has not been done.
#  Modification time never checked.
#  File has not been updated.

sqlc:
#  Phony target (prerequisite of .PHONY).
#  Implicit rule search has not been done.
#  File does not exist.
#  File has not been updated.

# Not a target:
.SUFFIXES:
#  Implicit rule search has not been done.
#  Modification time never checked.
#  File has not been updated.

# Not a target:
Makefile:
#  Implicit rule search has been done.
#  Last modified 2022-08-03 14:45:00
#  File has been updated.
#  Successfully updated.

server:
#  Phony target (prerequisite of .PHONY).
#  Implicit rule search has not been done.
#  File does not exist.
#  File has not been updated.
#  recipe to execute (from 'Makefile', line 22):
	go run main.go

proto:
#  Phony target (prerequisite of .PHONY).
#  Implicit rul 
e search has not been done.
#  File does not exist.
#  File has not been updated.

test:
#  Phony target (prerequisite of .PHONY).
#  Implicit rule search has not been done.
#  File does not exist.
#  File has not been updated.
#  recipe to execute (from 'Makefile', line 19):
	go test -v -cover ./...

db_schema:
#  Phony target (prerequisite of .PHONY).
#  Implicit rule search has not been done.
#  File does not exist.
#  File has not been updated.

createdb:
#  Phony target (prerequisite of .PHONY).
#  Implicit rule search has not been done.
#  File does not exist.
#  File has not been updated.

docker-run:
#  Implicit rule search has not been done.
#  Modification time never checked.
#  File has not been updated.
#  recipe to execute (from 'Makefile', line 34):
	docker run --name my_demo_api -p 8082:8082 my_demo_api:latest

evans:
#  Phony target (prerequisite of .PHONY).
#  Implicit rule search has not been done.
#  File does not exist.
#  File has not been updated.

# Not a target:
.DEFAULT:
#  Implicit rule search has not been done.
#  Modification time never checked.
#  File has not been updated.

db_docs:
#  Phony target (prerequisite of .PHONY).
#  Implicit rule search has not been done.
#  File does not exist.
#  File has not been updated.

dropdb:
#  Phony target (prerequisite of .PHONY).
#  Implicit rule search has not been done.
#  File does not exist.
#  File has not been updated.

migrateup:
#  Phony target (prerequisite of .PHONY).
#  Implicit rule search has not been done.
#  File does not exist.
#  File has not been updated.
#  recipe to execute (from 'Makefile', line 7):
	migrate -path infrastructure/repositories/migration -database "$(DB_URL)" -verbose up

migrateup1:
#  Phony target (prerequisite of .PHONY).
#  Implicit rule search has not been done.
#  File does not exist.
#  File has not been updated.
#  recipe to execute (from 'Makefile', line 10):
	migrate -path infrastructure/repositores/migration -database "$(DB_URL)" -verbose up 1

migratedown:
#  Phony target (prerequisite of .PHONY).
#  Implicit rule search has not been done.
#  File does not exist.
#  File has not been updated.
#  recipe to execute (from 'Makefile', line 13):
	migrate -path infrastructure/repositores/migration -database "$(DB_URL)" -verbose down

mock:
#  Phony target (prerequisite of .PHONY).
#  Implicit rule search has not been done.
#  File does not exist.
#  File has not been updated.
#  recipe to execute (from 'Makefile', line 25):
	mockgen -package mockdb -destination db/mock/store.go github.com/techschool/simplebank/db/sqlc Store

# files hash-table stats:
# Load=24/1024=2%, Rehash=0, Collisions=2/50=4%
# VPATH Search Paths

# No 'vpath' search paths.

# No general ('VPATH' variable) search path.

# strcache buffers: 11 (10) / strings = 4815 / storage = 87247 B / avg = 18 B
# current buf: size = 8174 B / used = 5582 B / count = 313 / avg = 17 B
# other used: total = 79073 B / count = 4502 / avg = 17 B
# other free: total = 75 B / max = 13 B / min = 3 B / avg = 7 B

# strcache performance: lookups = 5164 / hit rate 
make.exe: *** No rule to make target 'all'.  Stop.

 = 6%
# hash-table stats:
# Load=4815/8192=59%, Rehash=0, Collisions=2677/5164=52%
# Finished Make data base on Wed Aug 03 15:55:40 2022

 
